0 info it worked if it ends with ok
1 verbose cli [ 'node', '/usr/local/bin/npm', 'install', 'xml2js' ]
2 info using npm@1.4.28
3 info using node@v0.10.32
4 warn package.json musclemetrics@ No repository field.
5 warn package.json musclemetrics@ No README data
6 warn package.json module@0.0.1 No README data
7 verbose readDependencies using package.json deps
8 verbose cache add [ 'xml2js', null ]
9 verbose cache add name=undefined spec="xml2js" args=["xml2js",null]
10 verbose parsed url { protocol: null,
10 verbose parsed url   slashes: null,
10 verbose parsed url   auth: null,
10 verbose parsed url   host: null,
10 verbose parsed url   port: null,
10 verbose parsed url   hostname: null,
10 verbose parsed url   hash: null,
10 verbose parsed url   search: null,
10 verbose parsed url   query: null,
10 verbose parsed url   pathname: 'xml2js',
10 verbose parsed url   path: 'xml2js',
10 verbose parsed url   href: 'xml2js' }
11 silly lockFile ad82ed2d-xml2js xml2js
12 verbose lock xml2js /Users/davidsilin/.npm/ad82ed2d-xml2js.lock
13 silly lockFile ad82ed2d-xml2js xml2js
14 silly lockFile ad82ed2d-xml2js xml2js
15 verbose addNamed [ 'xml2js', '' ]
16 verbose addNamed [ null, '*' ]
17 silly lockFile f8b9c896-xml2js xml2js@
18 verbose lock xml2js@ /Users/davidsilin/.npm/f8b9c896-xml2js.lock
19 silly addNameRange { name: 'xml2js', range: '*', hasData: false }
20 verbose request where is /xml2js
21 verbose request registry https://registry.npmjs.org/
22 verbose request id e65445469ce7d0ad
23 verbose url raw /xml2js
24 verbose url resolving [ 'https://registry.npmjs.org/', './xml2js' ]
25 verbose url resolved https://registry.npmjs.org/xml2js
26 verbose request where is https://registry.npmjs.org/xml2js
27 info trying registry request attempt 1 at 00:09:44
28 verbose etag "4VIVO4PP8B8719WHE5WVNQMLZ"
29 http GET https://registry.npmjs.org/xml2js
30 http 200 https://registry.npmjs.org/xml2js
31 silly registry.get cb [ 200,
31 silly registry.get   { date: 'Sat, 28 Feb 2015 06:09:44 GMT',
31 silly registry.get     server: 'CouchDB/1.6.1 (Erlang OTP/R14B04)',
31 silly registry.get     etag: '"5LN13NEMNFS1PPL9GWJG3CA86"',
31 silly registry.get     'content-type': 'application/json',
31 silly registry.get     'cache-control': 'max-age=60',
31 silly registry.get     'content-length': '70847',
31 silly registry.get     'accept-ranges': 'bytes',
31 silly registry.get     via: '1.1 varnish',
31 silly registry.get     age: '45',
31 silly registry.get     'x-served-by': 'cache-ord1733-ORD',
31 silly registry.get     'x-cache': 'HIT',
31 silly registry.get     'x-cache-hits': '1',
31 silly registry.get     'x-timer': 'S1425103784.922668,VS0,VE0',
31 silly registry.get     vary: 'Accept',
31 silly registry.get     'keep-alive': 'timeout=10, max=50',
31 silly registry.get     connection: 'Keep-Alive' } ]
32 silly addNameRange number 2 { name: 'xml2js', range: '*', hasData: true }
33 silly addNameRange versions [ 'xml2js',
33 silly addNameRange   [ '0.1.0',
33 silly addNameRange     '0.1.1',
33 silly addNameRange     '0.1.2',
33 silly addNameRange     '0.1.3',
33 silly addNameRange     '0.1.4',
33 silly addNameRange     '0.1.5',
33 silly addNameRange     '0.1.6',
33 silly addNameRange     '0.1.7',
33 silly addNameRange     '0.1.8',
33 silly addNameRange     '0.1.9',
33 silly addNameRange     '0.1.10',
33 silly addNameRange     '0.1.11',
33 silly addNameRange     '0.1.12',
33 silly addNameRange     '0.1.13',
33 silly addNameRange     '0.1.14',
33 silly addNameRange     '0.2.0',
33 silly addNameRange     '0.2.1',
33 silly addNameRange     '0.2.2',
33 silly addNameRange     '0.2.3',
33 silly addNameRange     '0.2.4',
33 silly addNameRange     '0.2.5',
33 silly addNameRange     '0.2.6',
33 silly addNameRange     '0.2.7',
33 silly addNameRange     '0.2.8',
33 silly addNameRange     '0.4.0',
33 silly addNameRange     '0.4.1',
33 silly addNameRange     '0.4.2',
33 silly addNameRange     '0.4.3',
33 silly addNameRange     '0.4.4',
33 silly addNameRange     '0.4.5' ] ]
34 verbose addNamed [ 'xml2js', '0.4.5' ]
35 verbose addNamed [ '0.4.5', '0.4.5' ]
36 silly lockFile 6264d082-xml2js-0-4-5 xml2js@0.4.5
37 verbose lock xml2js@0.4.5 /Users/davidsilin/.npm/6264d082-xml2js-0-4-5.lock
38 silly lockFile ce80352e-pmjs-org-xml2js-xml2js-0-4-5-tgz https://registry.npmjs.org/xml2js/-/xml2js-0.4.5.tgz
39 verbose lock https://registry.npmjs.org/xml2js/-/xml2js-0.4.5.tgz /Users/davidsilin/.npm/ce80352e-pmjs-org-xml2js-xml2js-0-4-5-tgz.lock
40 verbose addRemoteTarball [ 'https://registry.npmjs.org/xml2js/-/xml2js-0.4.5.tgz',
40 verbose addRemoteTarball   'fc426751b7cf890aaa909a756eede31c7f38a8fc' ]
41 info retry fetch attempt 1 at 00:09:45
42 verbose fetch to= /var/folders/c1/k1p32fvj1t32t4yd7jg80p3c0000gn/T/npm-1538-BE81KCq5/registry.npmjs.org/xml2js/-/xml2js-0.4.5.tgz
43 http GET https://registry.npmjs.org/xml2js/-/xml2js-0.4.5.tgz
44 http 200 https://registry.npmjs.org/xml2js/-/xml2js-0.4.5.tgz
45 silly lockFile ce80352e-pmjs-org-xml2js-xml2js-0-4-5-tgz https://registry.npmjs.org/xml2js/-/xml2js-0.4.5.tgz
46 silly lockFile ce80352e-pmjs-org-xml2js-xml2js-0-4-5-tgz https://registry.npmjs.org/xml2js/-/xml2js-0.4.5.tgz
47 silly lockFile 6264d082-xml2js-0-4-5 xml2js@0.4.5
48 silly lockFile 6264d082-xml2js-0-4-5 xml2js@0.4.5
49 silly lockFile f8b9c896-xml2js xml2js@
50 silly lockFile f8b9c896-xml2js xml2js@
51 error Error: EACCES, mkdir '/Users/davidsilin/.npm/xml2js/0.4.5'
51 error  { [Error: EACCES, mkdir '/Users/davidsilin/.npm/xml2js/0.4.5']
51 error   errno: 3,
51 error   code: 'EACCES',
51 error   path: '/Users/davidsilin/.npm/xml2js/0.4.5',
51 error   parent: 'musclemetrics' }
52 error Please try running this command again as root/Administrator.
53 error System Darwin 14.0.0
54 error command "node" "/usr/local/bin/npm" "install" "xml2js"
55 error cwd /Users/davidsilin/Desktop/food-hack-illini-node
56 error node -v v0.10.32
57 error npm -v 1.4.28
58 error path /Users/davidsilin/.npm/xml2js/0.4.5
59 error code EACCES
60 error errno 3
61 error stack Error: EACCES, mkdir '/Users/davidsilin/.npm/xml2js/0.4.5'
62 verbose exit [ 3, true ]
